<?xml version="1.0" encoding="UTF-8"?>
<!-- Generated by org.testng.reporters.JUnitXMLReporter -->
<testsuite ignored="0" hostname="Israels-MacBook-Pro.local" failures="0" tests="2" name="Command line test" time="8.362" errors="0" timestamp="2023-01-26T13:32:52 CST">
  <testcase classname="io.cucumber.testng.AbstractTestNGCucumberTests" name="runScenario" time="7.812"/>
  <testcase classname="io.cucumber.testng.AbstractTestNGCucumberTests" name="runScenario" time="7.825"/>
</testsuite> <!-- Command line test -->
