<?xml version="1.0" encoding="UTF-8"?>
<!-- Generated by org.testng.reporters.JUnitXMLReporter -->
<testsuite ignored="0" hostname="Israels-MacBook-Pro.local" failures="1" tests="2" name="Command line test" time="8.809" errors="0" timestamp="2023-01-25T18:01:20 CST">
  <testcase classname="io.cucumber.testng.AbstractTestNGCucumberTests" name="runScenario" time="8.114"/>
  <testcase classname="io.cucumber.testng.AbstractTestNGCucumberTests" name="runScenario" time="8.284">
    <failure type="java.lang.AssertionError" message="LandingPageProductName and OfferPageProductName are not the same expected [Beetroot] but found [No data]">
      <![CDATA[java.lang.AssertionError: LandingPageProductName and OfferPageProductName are not the same expected [Beetroot] but found [No data]
at org.example.stepDefinitions.OfferPageStepDefinition.validate_product_name_in_offers_page_matches_with_Landing_Page(OfferPageStepDefinition.java:53)
at ✽.Validate product name in offers page matches with Landing Page(file:///Users/israelchavez/Documents/Projects/FMSeleniumCucumber/src/test/java/features/searchProduct.feature:7)
... Removed 5 stack frames]]>
    </failure>
  </testcase> <!-- runScenario -->
</testsuite> <!-- Command line test -->
