<?xml version="1.0" encoding="UTF-8" ?>
<testsuite tests="2" failures="1" name="org.example.cucumberOptions.TestNGTestRunner" time="16.415" errors="0" skipped="0">
  <properties>
[...]
</properties>
  <testcase classname="org.example.cucumberOptions.TestNGTestRunner" name="runScenario" time="8.129"/>
  <testcase classname="org.example.cucumberOptions.TestNGTestRunner" name="runScenario" time="8.286">
    <failure message="LandingPageProductName and OfferPageProductName are not the same expected [Beetroot] but found [No data]" type="java.lang.AssertionError">java.lang.AssertionError: LandingPageProductName and OfferPageProductName are not the same expected [Beetroot] but found [No data]
	at org.testng.Assert.fail(Assert.java:110)
	at org.testng.Assert.failNotEquals(Assert.java:1413)
	at org.testng.Assert.assertEqualsImpl(Assert.java:149)
	at org.testng.Assert.assertEquals(Assert.java:131)
	at org.testng.Assert.assertEquals(Assert.java:655)
	at org.example.stepDefinitions.OfferPageStepDefinition.validate_product_name_in_offers_page_matches_with_Landing_Page(OfferPageStepDefinition.java:53)
	at ✽.Validate product name in offers page matches with Landing Page(file:///Users/israelchavez/Documents/Projects/FMSeleniumCucumber/src/test/java/features/searchProduct.feature:7)
</failure>
  </testcase>
</testsuite>